<?xml version='1.0' encoding='UTF-8'?>

<dataset>
  <table name="test_entity">
    <column>id</column>
    <column>version</column>
    <column>name</column>
    <row>
      <value>1</value>
      <value>0</value>
      <value>schemeFromDataSet1</value>
    </row>
  </table>
</dataset>
